(13728)
2 (193)
6 (2074)
9 (225)
10 (10141)
14 (10444)
25 (228)
28 (1102)
30 (864)
35 (1147)
39 (273)
47 (430)
51 (479)
53 (970)
56 (432)
57 (686)
59 (357)
60 (297)
66 (412)
68 (212)
73 (353)
77 (395)
80 (751)
83 (191)
93 (889)
94 (1620)
116 (395)
129 (691)
131 (415)
139 (272)
147 (215)
154 (2193)
161 (368)
162 (633)
165 (327)
166 (210)
185 (275)
221 (412)
230 (351)
256 (529)
258 (561)
265 (453)
283 (555)
292 (193)
293 (178)
298 (354)
304 (499)
311 (176)
364 (1335)
367 (163)
375 (155)
380 (201)
390 (291)
394 (219)
398 (216)
407 (435)
411 (174)
432 (560)
434 (398)
451 (203)
455 (343)
485 (249)
489 (594)
513 (182)
514 (192)
523 (169)
586 (181)
589 (244)
605 (150)
614 (204)
616 (262)
639 (333)
655 (943)
684 (246)
755 (204)
803 (157)
890 (200)
949 (207)
1048 (353)
1190 (313)
1579 (175)
1692 (215)
1781 (156)
1913 (249)
1914 (244)
1947 (186)
1948 (187)
2906 (169)
10 375 (154)
10 367 (151)
10 523 (161)
14 2906 (151)
10 411 (166)
10 1579 (170)
10 311 (168)
14 293 (173)
10 586 (151)
10 513 (174)
1947 1948 (186)
1914 1947 (174)
1913 1947 (186)
221 1947 (186)
10 1947 (186)
1914 1948 (174)
1913 1948 (186)
221 1948 (186)
10 1948 (187)
10 83 (164)
10 514 (186)
2 10 (179)
14 292 (184)
14 890 (150)
10 380 (154)
14 380 (190)
10 451 (194)
10 614 (164)
14 755 (194)
10 949 (202)
14 949 (163)
10 166 (202)
14 68 (208)
14 147 (198)
10 1692 (205)
10 398 (209)
10 394 (211)
9 10 (214)
10 25 (168)
14 25 (211)
10 589 (229)
1913 1914 (223)
221 1914 (174)
10 1914 (238)
10 684 (195)
14 684 (221)
10 485 (243)
221 1913 (186)
10 1913 (248)
10 616 (252)
14 616 (166)
10 139 (150)
14 139 (255)
10 39 (261)
14 39 (158)
80 390 (190)
6 390 (172)
10 390 (227)
14 390 (286)
10 60 (290)
14 60 (189)
6 1190 (185)
10 1190 (257)
10 165 (242)
14 165 (319)
10 639 (242)
14 639 (322)
10 455 (290)
14 455 (259)
10 230 (290)
14 230 (322)
10 73 (184)
14 73 (231)
10 1048 (236)
14 1048 (340)
10 298 (343)
14 298 (158)
10 59 (344)
14 59 (227)
10 161 (347)
14 161 (271)
10 77 (241)
14 77 (368)
10 116 (294)
14 116 (369)
94 434 (164)
10 434 (284)
14 434 (385)
10 66 (394)
14 66 (280)
10 221 (345)
10 131 (252)
14 131 (339)
10 47 (330)
14 47 (218)
10 56 (407)
14 56 (276)
10 407 (425)
14 407 (288)
10 265 (284)
14 265 (438)
10 51 (359)
14 51 (459)
10 304 (360)
14 304 (474)
10 256 (372)
14 256 (395)
35 283 (174)
10 283 (543)
14 283 (220)
94 432 (234)
10 432 (391)
14 432 (544)
10 258 (541)
14 258 (322)
94 489 (150)
10 489 (415)
14 489 (558)
94 162 (213)
10 162 (451)
14 162 (596)
10 57 (667)
14 57 (471)
6 129 (259)
129 154 (189)
10 129 (466)
14 129 (543)
80 94 (161)
6 80 (255)
10 80 (712)
14 80 (683)
28 30 (250)
30 364 (227)
30 94 (383)
6 30 (158)
30 154 (170)
10 30 (600)
14 30 (822)
53 93 (162)
28 93 (196)
93 364 (201)
93 94 (276)
6 93 (166)
10 93 (679)
14 93 (855)
28 655 (166)
364 655 (184)
94 655 (345)
6 655 (152)
154 655 (157)
10 655 (662)
14 655 (883)
28 53 (177)
53 364 (186)
53 94 (297)
53 154 (167)
10 53 (698)
14 53 (925)
28 364 (359)
28 94 (216)
6 28 (236)
28 154 (180)
10 28 (804)
14 28 (1010)
6 35 (206)
35 154 (208)
10 35 (883)
94 364 (374)
6 364 (310)
154 364 (260)
10 364 (916)
14 364 (1286)
94 (225)
6 94 (234)
94 154 (271)
10 94 (1160)
14 94 (1553)
6 (3887)
6 154 (270)
6 10 (1639)
6 14 (1443)
14 154 (1718)
10 14 (7806)
1914 1947 1948 (174)
1913 1947 1948 (186)
221 1947 1948 (186)
10 1947 1948 (186)
1913 1914 1947 (174)
221 1914 1947 (174)
10 1914 1947 (174)
221 1913 1947 (186)
10 1913 1947 (186)
10 221 1947 (186)
1913 1914 1948 (174)
221 1914 1948 (174)
10 1914 1948 (174)
221 1913 1948 (186)
10 1913 1948 (186)
10 221 1948 (186)
10 14 949 (157)
10 14 25 (151)
221 1913 1914 (174)
10 1913 1914 (223)
10 221 1914 (174)
10 14 684 (174)
10 221 1913 (186)
10 14 616 (159)
10 14 60 (188)
10 14 165 (220)
10 14 639 (228)
10 14 455 (219)
10 14 230 (259)
10 14 1048 (231)
10 14 298 (155)
10 14 59 (222)
10 14 161 (252)
10 14 77 (212)
10 14 116 (261)
10 14 434 (266)
10 14 66 (265)
10 14 131 (202)
10 14 56 (257)
10 14 407 (282)
10 14 265 (273)
10 14 51 (337)
10 14 304 (318)
10 14 256 (264)
10 35 283 (161)
10 14 283 (214)
14 94 432 (190)
10 14 432 (362)
10 14 258 (303)
10 14 489 (354)
14 94 162 (155)
10 14 162 (404)
10 14 57 (460)
10 14 129 (315)
6 10 80 (171)
6 14 80 (162)
10 14 80 (662)
10 28 30 (150)
14 28 30 (203)
14 30 364 (179)
10 30 94 (186)
14 30 94 (262)
10 14 30 (550)
14 28 93 (162)
14 93 364 (174)
10 93 94 (157)
14 93 94 (211)
10 14 93 (641)
10 94 655 (180)
14 94 655 (257)
10 14 655 (598)
14 53 364 (167)
14 53 94 (222)
10 14 53 (639)
10 28 364 (198)
14 28 364 (277)
14 28 94 (161)
6 14 28 (161)
14 28 154 (151)
10 14 28 (666)
10 94 364 (200)
14 94 364 (270)
6 14 364 (191)
14 154 364 (212)
10 14 364 (822)
14 94 (178)
6 14 94 (159)
14 94 154 (216)
10 14 94 (975)
6 10 (234)
6 14 (196)
6 14 154 (175)
6 10 14 (796)
1913 1914 1947 1948 (174)
221 1914 1947 1948 (174)
10 1914 1947 1948 (174)
221 1913 1947 1948 (186)
10 1913 1947 1948 (186)
10 221 1947 1948 (186)
221 1913 1914 1947 (174)
10 1913 1914 1947 (174)
10 221 1914 1947 (174)
10 221 1913 1947 (186)
221 1913 1914 1948 (174)
10 1913 1914 1948 (174)
10 221 1914 1948 (174)
10 221 1913 1948 (186)
10 221 1913 1914 (174)
6 10 14 80 (159)
10 14 30 94 (178)
10 14 93 94 (156)
10 14 94 655 (171)
10 14 28 364 (196)
10 14 94 364 (194)
221 1913 1914 1947 1948 (174)
10 1913 1914 1947 1948 (174)
10 221 1914 1947 1948 (174)
10 221 1913 1947 1948 (186)
10 221 1913 1914 1947 (174)
10 221 1913 1914 1948 (174)
10 221 1913 1914 1947 1948 (174)
