(6404)
2 (4900)
13 (102)
16 (499)
18 (392)
20 (4746)
30 (185)
32 (85)
37 (174)
41 (181)
44 (338)
56 (426)
57 (762)
66 (193)
67 (62)
74 (121)
78 (190)
82 (146)
83 (312)
86 (159)
87 (98)
89 (321)
97 (231)
99 (449)
102 (209)
104 (181)
105 (134)
117 (995)
128 (519)
135 (214)
150 (103)
151 (81)
156 (174)
178 (122)
179 (87)
193 (995)
196 (63)
198 (594)
201 (83)
209 (106)
219 (166)
224 (52)
225 (59)
226 (200)
230 (264)
231 (78)
241 (264)
243 (193)
250 (186)
256 (64)
264 (59)
268 (102)
276 (123)
277 (251)
285 (60)
294 (65)
321 (73)
326 (237)
334 (81)
337 (102)
338 (101)
348 (69)
352 (79)
360 (207)
365 (320)
375 (442)
387 (188)
391 (69)
403 (115)
404 (83)
412 (157)
422 (116)
426 (61)
427 (93)
449 (77)
452 (264)
474 (56)
504 (83)
507 (103)
511 (59)
531 (261)
533 (97)
548 (84)
583 (71)
585 (51)
588 (75)
593 (145)
599 (68)
620 (121)
649 (132)
666 (71)
674 (163)
682 (152)
700 (60)
702 (96)
803 (52)
834 (53)
909 (84)
910 (80)
930 (52)
943 (66)
957 (104)
1006 (63)
1010 (59)
1050 (74)
1090 (86)
1091 (86)
1092 (114)
1093 (116)
1098 (64)
1141 (103)
1239 (61)
1265 (59)
1317 (70)
1318 (66)
1320 (61)
1321 (71)
1322 (53)
1323 (52)
1324 (66)
1352 (60)
1353 (68)
1405 (52)
1408 (50)
1415 (56)
1422 (64)
1461 (58)
1613 (63)
1637 (50)
1721 (56)
1962 (62)
1964 (55)
2278 (52)
2322 (72)
2432 (51)
2565 (56)
2591 (54)
2635 (73)
2701 (61)
2795 (56)
2941 (60)
3307 (56)
4400 (65)
5055 (52)
7198 (61)
1322 1323 (52)
1320 1323 (52)
1318 1323 (52)
1323 1324 (52)
1317 1323 (52)
1321 1323 (52)
674 1323 (52)
193 1323 (61)
20 1323 (52)
219 1405 (105)
44 1405 (52)
20 1405 (52)
2 1405 (52)
1318 2278 (51)
1317 2278 (51)
674 2278 (52)
193 2278 (61)
2 5055 (51)
1320 1322 (52)
1318 1322 (52)
1322 1324 (52)
1317 1322 (52)
1321 1322 (52)
674 1322 (52)
193 1322 (61)
20 1322 (53)
117 2591 (50)
2 2591 (52)
20 1964 (55)
20 474 (56)
2 474 (56)
2 1415 (56)
2 1721 (51)
2 2795 (54)
2 3307 (50)
44 1461 (58)
193 1461 (58)
20 1461 (58)
2 1461 (58)
20 225 (59)
2 511 (59)
20 1010 (58)
2 1265 (58)
20 285 (55)
2 700 (59)
20 1352 (60)
2 1352 (59)
20 2941 (57)
2 2941 (60)
2 426 (59)
2 1239 (54)
1318 1320 (52)
1320 1324 (52)
1317 1320 (52)
1320 1321 (52)
674 1320 (52)
193 1320 (63)
20 1320 (58)
2 2701 (61)
20 7198 (58)
2 7198 (58)
2 67 (57)
20 1962 (55)
2 196 (58)
20 1613 (62)
2 1613 (51)
20 256 (61)
2 256 (64)
1090 1098 (52)
1091 1098 (52)
1092 1098 (64)
1093 1098 (62)
387 1098 (52)
20 1098 (64)
2 1422 (61)
20 294 (63)
2 294 (51)
20 4400 (52)
2 4400 (65)
20 943 (57)
2 943 (64)
1318 1324 (52)
1317 1318 (66)
1318 1321 (61)
674 1318 (66)
193 1318 (75)
20 1318 (57)
1317 1324 (52)
1321 1324 (52)
674 1324 (52)
193 1324 (64)
20 1324 (60)
20 599 (61)
2 599 (68)
2 1353 (65)
20 348 (65)
2 348 (50)
20 391 (70)
2 391 (62)
1317 1321 (61)
674 1317 (66)
193 1317 (75)
20 1317 (57)
20 583 (51)
2 583 (65)
2 666 (68)
674 1321 (61)
193 1321 (64)
20 1321 (60)
20 2322 (51)
2 2322 (65)
20 321 (58)
2 321 (71)
20 2635 (57)
2 2635 (68)
117 1050 (71)
2 588 (72)
449 452 (50)
20 449 (58)
2 449 (70)
20 231 (74)
20 352 (76)
20 910 (76)
20 151 (61)
2 151 (80)
20 334 (70)
2 334 (56)
20 201 (79)
2 201 (51)
20 404 (80)
20 504 (79)
2 504 (51)
20 548 (77)
20 909 (81)
2 909 (70)
20 32 (54)
2 32 (83)
1090 1091 (86)
1090 1092 (86)
1090 1093 (81)
387 1090 (86)
20 1090 (86)
1091 1092 (86)
1091 1093 (81)
387 1091 (86)
20 1091 (86)
20 179 (73)
2 179 (62)
20 427 (67)
2 427 (90)
20 702 (56)
2 702 (89)
20 533 (96)
2 533 (75)
20 87 (96)
2 87 (71)
20 338 (96)
13 20 (72)
2 13 (95)
20 268 (99)
2 268 (50)
20 337 (96)
20 150 (73)
2 150 (98)
2 507 (83)
20 1141 (81)
2 1141 (81)
20 957 (100)
2 957 (66)
20 209 (86)
2 209 (98)
1092 1093 (104)
387 1092 (86)
20 1092 (113)
20 403 (110)
2 403 (59)
20 422 (88)
2 422 (108)
387 1093 (81)
20 1093 (111)
20 74 (63)
2 74 (115)
20 620 (118)
2 620 (67)
117 178 (66)
20 178 (50)
20 276 (120)
2 276 (58)
20 649 (128)
2 649 (90)
20 105 (132)
2 105 (89)
57 593 (51)
193 593 (51)
20 593 (103)
2 593 (141)
20 82 (139)
2 82 (116)
20 682 (131)
2 682 (118)
20 412 (113)
2 412 (151)
86 99 (53)
20 86 (122)
2 86 (154)
193 674 (83)
20 674 (135)
219 (61)
44 219 (105)
193 219 (100)
20 219 (128)
2 219 (164)
20 37 (94)
2 37 (119)
128 156 (57)
20 156 (171)
2 156 (83)
41 117 (57)
20 41 (115)
2 41 (171)
102 104 (72)
89 104 (60)
20 104 (176)
2 104 (114)
20 30 (176)
2 30 (135)
20 250 (154)
2 250 (173)
20 387 (164)
20 78 (141)
2 78 (102)
57 66 (60)
66 193 (50)
20 66 (145)
2 66 (183)
57 243 (80)
20 243 (138)
2 243 (183)
20 226 (195)
2 226 (132)
117 360 (52)
20 360 (133)
2 360 (164)
89 102 (51)
20 102 (195)
2 102 (142)
117 135 (67)
20 135 (127)
2 135 (201)
16 97 (55)
57 97 (51)
20 97 (173)
2 97 (218)
326 452 (57)
198 326 (55)
20 326 (164)
2 326 (223)
117 277 (66)
20 277 (171)
2 277 (190)
20 531 (251)
2 531 (151)
128 230 (90)
20 230 (261)
2 230 (105)
198 241 (60)
57 241 (103)
117 241 (55)
20 241 (186)
2 241 (254)
16 452 (66)
198 452 (53)
57 452 (66)
20 452 (184)
2 452 (248)
16 83 (51)
83 198 (61)
57 83 (105)
83 117 (56)
20 83 (226)
2 83 (298)
117 365 (79)
193 365 (135)
20 365 (221)
2 365 (245)
20 89 (311)
2 89 (224)
44 99 (51)
44 57 (72)
44 193 (119)
20 44 (323)
2 44 (306)
18 375 (65)
18 99 (72)
16 18 (115)
18 198 (90)
18 57 (189)
18 117 (76)
18 193 (64)
18 20 (272)
2 18 (371)
56 375 (63)
56 99 (80)
16 56 (89)
56 198 (91)
56 57 (145)
56 117 (68)
56 193 (84)
20 56 (316)
2 56 (417)
99 375 (69)
16 375 (78)
198 375 (83)
57 375 (156)
117 375 (70)
193 375 (73)
20 375 (305)
2 375 (420)
16 99 (70)
99 198 (76)
57 99 (140)
99 117 (72)
99 193 (62)
20 99 (332)
2 99 (431)
16 198 (141)
16 57 (99)
16 117 (77)
16 193 (111)
16 20 (372)
2 16 (459)
117 128 (89)
128 193 (114)
20 128 (409)
57 198 (148)
117 198 (105)
193 198 (125)
20 198 (408)
2 198 (574)
57 (118)
57 117 (130)
57 193 (111)
20 57 (535)
2 57 (737)
117 193 (112)
2 117 (778)
193 (1679)
20 193 (798)
2 193 (670)
2 20 (3660)
1320 1322 1323 (52)
1318 1322 1323 (52)
1322 1323 1324 (52)
1317 1322 1323 (52)
1321 1322 1323 (52)
674 1322 1323 (52)
20 1322 1323 (52)
1318 1320 1323 (52)
1320 1323 1324 (52)
1317 1320 1323 (52)
1320 1321 1323 (52)
674 1320 1323 (52)
20 1320 1323 (52)
1318 1323 1324 (52)
1317 1318 1323 (52)
1318 1321 1323 (52)
674 1318 1323 (52)
20 1318 1323 (52)
1317 1323 1324 (52)
1321 1323 1324 (52)
674 1323 1324 (52)
20 1323 1324 (52)
1317 1321 1323 (52)
674 1317 1323 (52)
20 1317 1323 (52)
674 1321 1323 (52)
20 1321 1323 (52)
20 674 1323 (52)
44 219 1405 (52)
20 219 1405 (52)
2 219 1405 (52)
20 44 1405 (52)
2 44 1405 (52)
2 20 1405 (52)
1317 1318 2278 (51)
674 1318 2278 (51)
674 1317 2278 (51)
1318 1320 1322 (52)
1320 1322 1324 (52)
1317 1320 1322 (52)
1320 1321 1322 (52)
674 1320 1322 (52)
20 1320 1322 (52)
1318 1322 1324 (52)
1317 1318 1322 (52)
1318 1321 1322 (52)
674 1318 1322 (52)
20 1318 1322 (52)
1317 1322 1324 (52)
1321 1322 1324 (52)
674 1322 1324 (52)
20 1322 1324 (52)
1317 1321 1322 (52)
674 1317 1322 (52)
20 1317 1322 (52)
674 1321 1322 (52)
20 1321 1322 (52)
20 674 1322 (52)
2 20 474 (56)
2 20 1352 (58)
2 20 2941 (57)
1318 1320 1324 (52)
1317 1318 1320 (52)
1318 1320 1321 (52)
674 1318 1320 (52)
20 1318 1320 (52)
1317 1320 1324 (52)
1320 1321 1324 (52)
674 1320 1324 (52)
20 1320 1324 (52)
1317 1320 1321 (52)
674 1317 1320 (52)
20 1317 1320 (52)
674 1320 1321 (52)
20 1320 1321 (52)
20 674 1320 (52)
2 20 7198 (55)
2 20 256 (61)
1090 1091 1098 (52)
1090 1092 1098 (52)
1090 1093 1098 (51)
387 1090 1098 (52)
20 1090 1098 (52)
1091 1092 1098 (52)
1091 1093 1098 (51)
387 1091 1098 (52)
20 1091 1098 (52)
1092 1093 1098 (62)
387 1092 1098 (52)
20 1092 1098 (64)
387 1093 1098 (51)
20 1093 1098 (62)
20 387 1098 (52)
2 20 4400 (51)
2 20 943 (53)
1317 1318 1324 (52)
1318 1321 1324 (52)
674 1318 1324 (52)
20 1318 1324 (52)
1317 1318 1321 (61)
674 1317 1318 (66)
20 1317 1318 (57)
674 1318 1321 (61)
20 1318 1321 (52)
20 674 1318 (57)
1317 1321 1324 (52)
674 1317 1324 (52)
20 1317 1324 (52)
674 1321 1324 (52)
20 1321 1324 (52)
20 674 1324 (52)
2 20 599 (61)
2 20 391 (62)
674 1317 1321 (61)
20 1317 1321 (52)
20 674 1317 (57)
20 674 1321 (52)
2 20 321 (56)
2 20 2635 (52)
2 20 449 (50)
2 20 151 (60)
2 20 201 (50)
2 20 909 (65)
2 20 32 (51)
1090 1091 1092 (86)
1090 1091 1093 (81)
387 1090 1091 (86)
20 1090 1091 (86)
1090 1092 1093 (81)
387 1090 1092 (86)
20 1090 1092 (86)
387 1090 1093 (81)
20 1090 1093 (81)
20 387 1090 (86)
1091 1092 1093 (81)
387 1091 1092 (86)
20 1091 1092 (86)
387 1091 1093 (81)
20 1091 1093 (81)
20 387 1091 (86)
2 20 179 (52)
2 20 427 (63)
2 20 702 (52)
2 20 533 (73)
2 20 87 (67)
2 13 20 (65)
2 20 150 (68)
2 20 1141 (63)
2 20 957 (61)
2 20 209 (79)
387 1092 1093 (81)
20 1092 1093 (104)
20 387 1092 (86)
2 20 403 (57)
2 20 422 (81)
20 387 1093 (81)
2 20 74 (61)
2 20 620 (65)
2 20 276 (57)
2 20 649 (87)
2 20 105 (89)
2 20 593 (101)
2 20 82 (108)
2 20 682 (104)
2 20 412 (106)
2 20 86 (111)
44 219 (52)
20 219 (54)
2 219 (59)
20 44 219 (52)
2 44 219 (52)
2 20 219 (72)
2 20 37 (63)
20 128 156 (55)
2 20 156 (82)
2 41 117 (50)
2 20 41 (103)
20 102 104 (69)
20 89 104 (58)
2 20 104 (111)
2 20 30 (128)
2 20 250 (142)
2 20 78 (62)
2 57 66 (53)
2 20 66 (134)
2 57 243 (56)
2 20 243 (126)
2 20 226 (128)
2 20 360 (107)
2 20 102 (131)
2 117 135 (53)
2 20 135 (122)
2 20 97 (161)
2 20 326 (140)
2 20 277 (123)
2 20 531 (143)
20 128 230 (87)
2 20 230 (101)
2 198 241 (57)
20 57 241 (57)
2 57 241 (81)
2 117 241 (51)
2 20 241 (172)
2 16 452 (51)
2 20 452 (158)
20 57 83 (62)
2 57 83 (79)
2 83 117 (51)
2 20 83 (207)
2 117 365 (56)
2 20 365 (145)
2 20 89 (215)
20 44 57 (64)
2 44 57 (66)
20 44 193 (79)
2 44 193 (75)
2 20 44 (300)
2 18 375 (51)
2 18 99 (65)
16 18 20 (73)
2 16 18 (94)
2 18 198 (73)
18 20 57 (93)
2 18 57 (125)
2 18 117 (63)
2 18 20 (249)
2 56 375 (58)
20 56 99 (64)
2 56 99 (74)
16 20 56 (61)
2 16 56 (79)
20 56 198 (58)
2 56 198 (78)
20 56 57 (76)
2 56 57 (106)
2 56 117 (63)
20 56 193 (52)
2 56 193 (65)
2 20 56 (300)
2 99 375 (62)
16 20 375 (54)
2 16 375 (67)
20 198 375 (52)
2 198 375 (69)
20 57 375 (80)
2 57 375 (115)
2 117 375 (60)
20 193 375 (52)
2 193 375 (62)
2 20 375 (280)
2 16 99 (55)
20 99 198 (58)
2 99 198 (71)
20 57 99 (57)
2 57 99 (104)
2 99 117 (64)
2 20 99 (305)
16 20 198 (82)
2 16 198 (112)
16 20 57 (56)
2 16 57 (77)
2 16 117 (67)
16 20 193 (60)
2 16 193 (75)
2 16 20 (309)
20 57 198 (81)
2 57 198 (111)
2 117 198 (95)
20 193 198 (54)
2 193 198 (81)
2 20 198 (377)
20 57 (59)
2 57 (84)
2 57 117 (103)
20 57 193 (60)
2 57 193 (76)
2 20 57 (449)
2 117 193 (77)
20 193 (116)
2 193 (96)
2 20 193 (370)
1318 1320 1322 1323 (52)
1320 1322 1323 1324 (52)
1317 1320 1322 1323 (52)
1320 1321 1322 1323 (52)
674 1320 1322 1323 (52)
20 1320 1322 1323 (52)
1318 1322 1323 1324 (52)
1317 1318 1322 1323 (52)
1318 1321 1322 1323 (52)
674 1318 1322 1323 (52)
20 1318 1322 1323 (52)
1317 1322 1323 1324 (52)
1321 1322 1323 1324 (52)
674 1322 1323 1324 (52)
20 1322 1323 1324 (52)
1317 1321 1322 1323 (52)
674 1317 1322 1323 (52)
20 1317 1322 1323 (52)
674 1321 1322 1323 (52)
20 1321 1322 1323 (52)
20 674 1322 1323 (52)
1318 1320 1323 1324 (52)
1317 1318 1320 1323 (52)
1318 1320 1321 1323 (52)
674 1318 1320 1323 (52)
20 1318 1320 1323 (52)
1317 1320 1323 1324 (52)
1320 1321 1323 1324 (52)
674 1320 1323 1324 (52)
20 1320 1323 1324 (52)
1317 1320 1321 1323 (52)
674 1317 1320 1323 (52)
20 1317 1320 1323 (52)
674 1320 1321 1323 (52)
20 1320 1321 1323 (52)
20 674 1320 1323 (52)
1317 1318 1323 1324 (52)
1318 1321 1323 1324 (52)
674 1318 1323 1324 (52)
20 1318 1323 1324 (52)
1317 1318 1321 1323 (52)
674 1317 1318 1323 (52)
20 1317 1318 1323 (52)
674 1318 1321 1323 (52)
20 1318 1321 1323 (52)
20 674 1318 1323 (52)
1317 1321 1323 1324 (52)
674 1317 1323 1324 (52)
20 1317 1323 1324 (52)
674 1321 1323 1324 (52)
20 1321 1323 1324 (52)
20 674 1323 1324 (52)
674 1317 1321 1323 (52)
20 1317 1321 1323 (52)
20 674 1317 1323 (52)
20 674 1321 1323 (52)
20 44 219 1405 (52)
2 44 219 1405 (52)
2 20 219 1405 (52)
2 20 44 1405 (52)
674 1317 1318 2278 (51)
1318 1320 1322 1324 (52)
1317 1318 1320 1322 (52)
1318 1320 1321 1322 (52)
674 1318 1320 1322 (52)
20 1318 1320 1322 (52)
1317 1320 1322 1324 (52)
1320 1321 1322 1324 (52)
674 1320 1322 1324 (52)
20 1320 1322 1324 (52)
1317 1320 1321 1322 (52)
674 1317 1320 1322 (52)
20 1317 1320 1322 (52)
674 1320 1321 1322 (52)
20 1320 1321 1322 (52)
20 674 1320 1322 (52)
1317 1318 1322 1324 (52)
1318 1321 1322 1324 (52)
674 1318 1322 1324 (52)
20 1318 1322 1324 (52)
1317 1318 1321 1322 (52)
674 1317 1318 1322 (52)
20 1317 1318 1322 (52)
674 1318 1321 1322 (52)
20 1318 1321 1322 (52)
20 674 1318 1322 (52)
1317 1321 1322 1324 (52)
674 1317 1322 1324 (52)
20 1317 1322 1324 (52)
674 1321 1322 1324 (52)
20 1321 1322 1324 (52)
20 674 1322 1324 (52)
674 1317 1321 1322 (52)
20 1317 1321 1322 (52)
20 674 1317 1322 (52)
20 674 1321 1322 (52)
1317 1318 1320 1324 (52)
1318 1320 1321 1324 (52)
674 1318 1320 1324 (52)
20 1318 1320 1324 (52)
1317 1318 1320 1321 (52)
674 1317 1318 1320 (52)
20 1317 1318 1320 (52)
674 1318 1320 1321 (52)
20 1318 1320 1321 (52)
20 674 1318 1320 (52)
1317 1320 1321 1324 (52)
674 1317 1320 1324 (52)
20 1317 1320 1324 (52)
674 1320 1321 1324 (52)
20 1320 1321 1324 (52)
20 674 1320 1324 (52)
674 1317 1320 1321 (52)
20 1317 1320 1321 (52)
20 674 1317 1320 (52)
20 674 1320 1321 (52)
1090 1091 1092 1098 (52)
1090 1091 1093 1098 (51)
387 1090 1091 1098 (52)
20 1090 1091 1098 (52)
1090 1092 1093 1098 (51)
387 1090 1092 1098 (52)
20 1090 1092 1098 (52)
387 1090 1093 1098 (51)
20 1090 1093 1098 (51)
20 387 1090 1098 (52)
1091 1092 1093 1098 (51)
387 1091 1092 1098 (52)
20 1091 1092 1098 (52)
387 1091 1093 1098 (51)
20 1091 1093 1098 (51)
20 387 1091 1098 (52)
387 1092 1093 1098 (51)
20 1092 1093 1098 (62)
20 387 1092 1098 (52)
20 387 1093 1098 (51)
1317 1318 1321 1324 (52)
674 1317 1318 1324 (52)
20 1317 1318 1324 (52)
674 1318 1321 1324 (52)
20 1318 1321 1324 (52)
20 674 1318 1324 (52)
674 1317 1318 1321 (61)
20 1317 1318 1321 (52)
20 674 1317 1318 (57)
20 674 1318 1321 (52)
674 1317 1321 1324 (52)
20 1317 1321 1324 (52)
20 674 1317 1324 (52)
20 674 1321 1324 (52)
20 674 1317 1321 (52)
1090 1091 1092 1093 (81)
387 1090 1091 1092 (86)
20 1090 1091 1092 (86)
387 1090 1091 1093 (81)
20 1090 1091 1093 (81)
20 387 1090 1091 (86)
387 1090 1092 1093 (81)
20 1090 1092 1093 (81)
20 387 1090 1092 (86)
20 387 1090 1093 (81)
387 1091 1092 1093 (81)
20 1091 1092 1093 (81)
20 387 1091 1092 (86)
20 387 1091 1093 (81)
20 387 1092 1093 (81)
20 44 219 (52)
2 44 219 (52)
2 20 219 (54)
2 20 44 219 (52)
2 20 57 241 (55)
2 20 57 83 (62)
2 20 44 57 (64)
2 20 44 193 (74)
2 16 18 20 (71)
2 18 20 57 (87)
2 20 56 99 (64)
2 16 20 56 (61)
2 20 56 198 (58)
2 20 56 57 (76)
2 20 56 193 (52)
2 16 20 375 (53)
2 20 198 375 (50)
2 20 57 375 (76)
2 20 193 375 (50)
2 20 99 198 (58)
2 20 57 99 (56)
2 16 20 198 (80)
2 16 20 57 (54)
2 16 20 193 (53)
2 20 57 198 (78)
2 20 193 198 (52)
2 20 57 (58)
2 20 57 193 (60)
2 20 193 (68)
1318 1320 1322 1323 1324 (52)
1317 1318 1320 1322 1323 (52)
1318 1320 1321 1322 1323 (52)
674 1318 1320 1322 1323 (52)
20 1318 1320 1322 1323 (52)
1317 1320 1322 1323 1324 (52)
1320 1321 1322 1323 1324 (52)
674 1320 1322 1323 1324 (52)
20 1320 1322 1323 1324 (52)
1317 1320 1321 1322 1323 (52)
674 1317 1320 1322 1323 (52)
20 1317 1320 1322 1323 (52)
674 1320 1321 1322 1323 (52)
20 1320 1321 1322 1323 (52)
20 674 1320 1322 1323 (52)
1317 1318 1322 1323 1324 (52)
1318 1321 1322 1323 1324 (52)
674 1318 1322 1323 1324 (52)
20 1318 1322 1323 1324 (52)
1317 1318 1321 1322 1323 (52)
674 1317 1318 1322 1323 (52)
20 1317 1318 1322 1323 (52)
674 1318 1321 1322 1323 (52)
20 1318 1321 1322 1323 (52)
20 674 1318 1322 1323 (52)
1317 1321 1322 1323 1324 (52)
674 1317 1322 1323 1324 (52)
20 1317 1322 1323 1324 (52)
674 1321 1322 1323 1324 (52)
20 1321 1322 1323 1324 (52)
20 674 1322 1323 1324 (52)
674 1317 1321 1322 1323 (52)
20 1317 1321 1322 1323 (52)
20 674 1317 1322 1323 (52)
20 674 1321 1322 1323 (52)
1317 1318 1320 1323 1324 (52)
1318 1320 1321 1323 1324 (52)
674 1318 1320 1323 1324 (52)
20 1318 1320 1323 1324 (52)
1317 1318 1320 1321 1323 (52)
674 1317 1318 1320 1323 (52)
20 1317 1318 1320 1323 (52)
674 1318 1320 1321 1323 (52)
20 1318 1320 1321 1323 (52)
20 674 1318 1320 1323 (52)
1317 1320 1321 1323 1324 (52)
674 1317 1320 1323 1324 (52)
20 1317 1320 1323 1324 (52)
674 1320 1321 1323 1324 (52)
20 1320 1321 1323 1324 (52)
20 674 1320 1323 1324 (52)
674 1317 1320 1321 1323 (52)
20 1317 1320 1321 1323 (52)
20 674 1317 1320 1323 (52)
20 674 1320 1321 1323 (52)
1317 1318 1321 1323 1324 (52)
674 1317 1318 1323 1324 (52)
20 1317 1318 1323 1324 (52)
674 1318 1321 1323 1324 (52)
20 1318 1321 1323 1324 (52)
20 674 1318 1323 1324 (52)
674 1317 1318 1321 1323 (52)
20 1317 1318 1321 1323 (52)
20 674 1317 1318 1323 (52)
20 674 1318 1321 1323 (52)
674 1317 1321 1323 1324 (52)
20 1317 1321 1323 1324 (52)
20 674 1317 1323 1324 (52)
20 674 1321 1323 1324 (52)
20 674 1317 1321 1323 (52)
2 20 44 219 1405 (52)
1317 1318 1320 1322 1324 (52)
1318 1320 1321 1322 1324 (52)
674 1318 1320 1322 1324 (52)
20 1318 1320 1322 1324 (52)
1317 1318 1320 1321 1322 (52)
674 1317 1318 1320 1322 (52)
20 1317 1318 1320 1322 (52)
674 1318 1320 1321 1322 (52)
20 1318 1320 1321 1322 (52)
20 674 1318 1320 1322 (52)
1317 1320 1321 1322 1324 (52)
674 1317 1320 1322 1324 (52)
20 1317 1320 1322 1324 (52)
674 1320 1321 1322 1324 (52)
20 1320 1321 1322 1324 (52)
20 674 1320 1322 1324 (52)
674 1317 1320 1321 1322 (52)
20 1317 1320 1321 1322 (52)
20 674 1317 1320 1322 (52)
20 674 1320 1321 1322 (52)
1317 1318 1321 1322 1324 (52)
674 1317 1318 1322 1324 (52)
20 1317 1318 1322 1324 (52)
674 1318 1321 1322 1324 (52)
20 1318 1321 1322 1324 (52)
20 674 1318 1322 1324 (52)
674 1317 1318 1321 1322 (52)
20 1317 1318 1321 1322 (52)
20 674 1317 1318 1322 (52)
20 674 1318 1321 1322 (52)
674 1317 1321 1322 1324 (52)
20 1317 1321 1322 1324 (52)
20 674 1317 1322 1324 (52)
20 674 1321 1322 1324 (52)
20 674 1317 1321 1322 (52)
1317 1318 1320 1321 1324 (52)
674 1317 1318 1320 1324 (52)
20 1317 1318 1320 1324 (52)
674 1318 1320 1321 1324 (52)
20 1318 1320 1321 1324 (52)
20 674 1318 1320 1324 (52)
674 1317 1318 1320 1321 (52)
20 1317 1318 1320 1321 (52)
20 674 1317 1318 1320 (52)
20 674 1318 1320 1321 (52)
674 1317 1320 1321 1324 (52)
20 1317 1320 1321 1324 (52)
20 674 1317 1320 1324 (52)
20 674 1320 1321 1324 (52)
20 674 1317 1320 1321 (52)
1090 1091 1092 1093 1098 (51)
387 1090 1091 1092 1098 (52)
20 1090 1091 1092 1098 (52)
387 1090 1091 1093 1098 (51)
20 1090 1091 1093 1098 (51)
20 387 1090 1091 1098 (52)
387 1090 1092 1093 1098 (51)
20 1090 1092 1093 1098 (51)
20 387 1090 1092 1098 (52)
20 387 1090 1093 1098 (51)
387 1091 1092 1093 1098 (51)
20 1091 1092 1093 1098 (51)
20 387 1091 1092 1098 (52)
20 387 1091 1093 1098 (51)
20 387 1092 1093 1098 (51)
674 1317 1318 1321 1324 (52)
20 1317 1318 1321 1324 (52)
20 674 1317 1318 1324 (52)
20 674 1318 1321 1324 (52)
20 674 1317 1318 1321 (52)
20 674 1317 1321 1324 (52)
387 1090 1091 1092 1093 (81)
20 1090 1091 1092 1093 (81)
20 387 1090 1091 1092 (86)
20 387 1090 1091 1093 (81)
20 387 1090 1092 1093 (81)
20 387 1091 1092 1093 (81)
2 20 44 219 (52)
1317 1318 1320 1322 1323 1324 (52)
1318 1320 1321 1322 1323 1324 (52)
674 1318 1320 1322 1323 1324 (52)
20 1318 1320 1322 1323 1324 (52)
1317 1318 1320 1321 1322 1323 (52)
674 1317 1318 1320 1322 1323 (52)
20 1317 1318 1320 1322 1323 (52)
674 1318 1320 1321 1322 1323 (52)
20 1318 1320 1321 1322 1323 (52)
20 674 1318 1320 1322 1323 (52)
1317 1320 1321 1322 1323 1324 (52)
674 1317 1320 1322 1323 1324 (52)
20 1317 1320 1322 1323 1324 (52)
674 1320 1321 1322 1323 1324 (52)
20 1320 1321 1322 1323 1324 (52)
20 674 1320 1322 1323 1324 (52)
674 1317 1320 1321 1322 1323 (52)
20 1317 1320 1321 1322 1323 (52)
20 674 1317 1320 1322 1323 (52)
20 674 1320 1321 1322 1323 (52)
1317 1318 1321 1322 1323 1324 (52)
674 1317 1318 1322 1323 1324 (52)
20 1317 1318 1322 1323 1324 (52)
674 1318 1321 1322 1323 1324 (52)
20 1318 1321 1322 1323 1324 (52)
20 674 1318 1322 1323 1324 (52)
674 1317 1318 1321 1322 1323 (52)
20 1317 1318 1321 1322 1323 (52)
20 674 1317 1318 1322 1323 (52)
20 674 1318 1321 1322 1323 (52)
674 1317 1321 1322 1323 1324 (52)
20 1317 1321 1322 1323 1324 (52)
20 674 1317 1322 1323 1324 (52)
20 674 1321 1322 1323 1324 (52)
20 674 1317 1321 1322 1323 (52)
1317 1318 1320 1321 1323 1324 (52)
674 1317 1318 1320 1323 1324 (52)
20 1317 1318 1320 1323 1324 (52)
674 1318 1320 1321 1323 1324 (52)
20 1318 1320 1321 1323 1324 (52)
20 674 1318 1320 1323 1324 (52)
674 1317 1318 1320 1321 1323 (52)
20 1317 1318 1320 1321 1323 (52)
20 674 1317 1318 1320 1323 (52)
20 674 1318 1320 1321 1323 (52)
674 1317 1320 1321 1323 1324 (52)
20 1317 1320 1321 1323 1324 (52)
20 674 1317 1320 1323 1324 (52)
20 674 1320 1321 1323 1324 (52)
20 674 1317 1320 1321 1323 (52)
674 1317 1318 1321 1323 1324 (52)
20 1317 1318 1321 1323 1324 (52)
20 674 1317 1318 1323 1324 (52)
20 674 1318 1321 1323 1324 (52)
20 674 1317 1318 1321 1323 (52)
20 674 1317 1321 1323 1324 (52)
1317 1318 1320 1321 1322 1324 (52)
674 1317 1318 1320 1322 1324 (52)
20 1317 1318 1320 1322 1324 (52)
674 1318 1320 1321 1322 1324 (52)
20 1318 1320 1321 1322 1324 (52)
20 674 1318 1320 1322 1324 (52)
674 1317 1318 1320 1321 1322 (52)
20 1317 1318 1320 1321 1322 (52)
20 674 1317 1318 1320 1322 (52)
20 674 1318 1320 1321 1322 (52)
674 1317 1320 1321 1322 1324 (52)
20 1317 1320 1321 1322 1324 (52)
20 674 1317 1320 1322 1324 (52)
20 674 1320 1321 1322 1324 (52)
20 674 1317 1320 1321 1322 (52)
674 1317 1318 1321 1322 1324 (52)
20 1317 1318 1321 1322 1324 (52)
20 674 1317 1318 1322 1324 (52)
20 674 1318 1321 1322 1324 (52)
20 674 1317 1318 1321 1322 (52)
20 674 1317 1321 1322 1324 (52)
674 1317 1318 1320 1321 1324 (52)
20 1317 1318 1320 1321 1324 (52)
20 674 1317 1318 1320 1324 (52)
20 674 1318 1320 1321 1324 (52)
20 674 1317 1318 1320 1321 (52)
20 674 1317 1320 1321 1324 (52)
387 1090 1091 1092 1093 1098 (51)
20 1090 1091 1092 1093 1098 (51)
20 387 1090 1091 1092 1098 (52)
20 387 1090 1091 1093 1098 (51)
20 387 1090 1092 1093 1098 (51)
20 387 1091 1092 1093 1098 (51)
20 674 1317 1318 1321 1324 (52)
20 387 1090 1091 1092 1093 (81)
1317 1318 1320 1321 1322 1323 1324 (52)
674 1317 1318 1320 1322 1323 1324 (52)
20 1317 1318 1320 1322 1323 1324 (52)
674 1318 1320 1321 1322 1323 1324 (52)
20 1318 1320 1321 1322 1323 1324 (52)
20 674 1318 1320 1322 1323 1324 (52)
674 1317 1318 1320 1321 1322 1323 (52)
20 1317 1318 1320 1321 1322 1323 (52)
20 674 1317 1318 1320 1322 1323 (52)
20 674 1318 1320 1321 1322 1323 (52)
674 1317 1320 1321 1322 1323 1324 (52)
20 1317 1320 1321 1322 1323 1324 (52)
20 674 1317 1320 1322 1323 1324 (52)
20 674 1320 1321 1322 1323 1324 (52)
20 674 1317 1320 1321 1322 1323 (52)
674 1317 1318 1321 1322 1323 1324 (52)
20 1317 1318 1321 1322 1323 1324 (52)
20 674 1317 1318 1322 1323 1324 (52)
20 674 1318 1321 1322 1323 1324 (52)
20 674 1317 1318 1321 1322 1323 (52)
20 674 1317 1321 1322 1323 1324 (52)
674 1317 1318 1320 1321 1323 1324 (52)
20 1317 1318 1320 1321 1323 1324 (52)
20 674 1317 1318 1320 1323 1324 (52)
20 674 1318 1320 1321 1323 1324 (52)
20 674 1317 1318 1320 1321 1323 (52)
20 674 1317 1320 1321 1323 1324 (52)
20 674 1317 1318 1321 1323 1324 (52)
674 1317 1318 1320 1321 1322 1324 (52)
20 1317 1318 1320 1321 1322 1324 (52)
20 674 1317 1318 1320 1322 1324 (52)
20 674 1318 1320 1321 1322 1324 (52)
20 674 1317 1318 1320 1321 1322 (52)
20 674 1317 1320 1321 1322 1324 (52)
20 674 1317 1318 1321 1322 1324 (52)
20 674 1317 1318 1320 1321 1324 (52)
20 387 1090 1091 1092 1093 1098 (51)
674 1317 1318 1320 1321 1322 1323 1324 (52)
20 1317 1318 1320 1321 1322 1323 1324 (52)
20 674 1317 1318 1320 1322 1323 1324 (52)
20 674 1318 1320 1321 1322 1323 1324 (52)
20 674 1317 1318 1320 1321 1322 1323 (52)
20 674 1317 1320 1321 1322 1323 1324 (52)
20 674 1317 1318 1321 1322 1323 1324 (52)
20 674 1317 1318 1320 1321 1323 1324 (52)
20 674 1317 1318 1320 1321 1322 1324 (52)
20 674 1317 1318 1320 1321 1322 1323 1324 (52)
